#
# A fatal error has been detected by the Java Runtime Environment:
#
#  SIGILL (0x4) at pc=0x00007f390c399600, pid=12549, tid=12550
#
# JRE version: Java(TM) SE Runtime Environment (20.0.2+9) (build 20.0.2+9-78)
# Java VM: Java HotSpot(TM) 64-Bit Server VM (20.0.2+9-78, mixed mode, sharing, tiered, compressed oops, compressed class ptrs, parallel gc, linux-amd64)
# Problematic frame:
# C  0x00007f390c399600
#
# Core dump will be written. Default location: Core dumps may be processed with "/usr/share/apport/apport -p%p -s%s -c%c -d%d -P%P -u%u -g%g -- %E" (or dumping to /home/cdot/Desktop/Projects/spring_ldap/core.12549)
#
# If you would like to submit a bug report, please visit:
#   https://bugreport.java.com/bugreport/crash.jsp
#

---------------  S U M M A R Y ------------

Command Line: --add-modules=ALL-SYSTEM --add-opens=java.base/java.util=ALL-UNNAMED --add-opens=java.base/java.lang=ALL-UNNAMED --add-opens=java.base/sun.nio.fs=ALL-UNNAMED -Declipse.application=org.eclipse.jdt.ls.core.id1 -Dosgi.bundles.defaultStartLevel=4 -Declipse.product=org.eclipse.jdt.ls.core.product -Djava.import.generatesMetadataFilesAtProjectRoot=false -DDetectVMInstallationsJob.disabled=true -Dfile.encoding=utf8 -XX:+UseParallelGC -XX:GCTimeRatio=4 -XX:AdaptiveSizePolicyWeight=90 -Dsun.zip.disableMemoryMapping=true -Xmx1G -Xms100m -Xlog:disable -javaagent:/home/cdot/.vscode/extensions/redhat.java-1.23.0-linux-x64/lombok/lombok-1.18.30.jar -XX:+HeapDumpOnOutOfMemoryError -XX:HeapDumpPath=/home/cdot/.config/Code/User/workspaceStorage/5c2299d18d334787403effcc081706cf/redhat.java -Daether.dependencyCollector.impl=bf /home/cdot/.vscode/extensions/redhat.java-1.23.0-linux-x64/server/plugins/org.eclipse.equinox.launcher_1.6.500.v20230717-2134.jar -configuration /home/cdot/.config/Code/User/globalStorage/redhat.java/1.23.0/config_linux -data /home/cdot/.config/Code/User/workspaceStorage/5c2299d18d334787403effcc081706cf/redhat.java/jdt_ws

Host: Intel(R) Core(TM) i5-6300U CPU @ 2.40GHz, 4 cores, 15G, Ubuntu 22.04.3 LTS
Time: Tue Oct 10 10:26:12 2023 IST elapsed time: 3.810214 seconds (0d 0h 0m 3s)

---------------  T H R E A D  ---------------

Current thread (0x00007f391c028cd0):  JavaThread "main" [_thread_in_Java, id=12550, stack(0x00007f3921e19000,0x00007f3921f19000)]

Stack: [0x00007f3921e19000,0x00007f3921f19000],  sp=0x00007f3921f16b58,  free space=1014k
Native frames: (J=compiled Java code, j=interpreted, Vv=VM code, C=native code)
C  0x00007f390c399600
j  org.eclipse.osgi.internal.loader.BundleLoader.<init>(Lorg/eclipse/osgi/container/ModuleWiring;Lorg/eclipse/osgi/internal/framework/EquinoxContainer;Ljava/lang/ClassLoader;)V+187
j  org.eclipse.osgi.internal.loader.SystemBundleLoader.<init>(Lorg/eclipse/osgi/container/ModuleWiring;Lorg/eclipse/osgi/internal/framework/EquinoxContainer;Ljava/lang/ClassLoader;)V+7
j  org.eclipse.osgi.internal.framework.EquinoxContainerAdaptor.createModuleLoader(Lorg/eclipse/osgi/container/ModuleWiring;)Lorg/eclipse/osgi/container/ModuleLoader;+46
j  org.eclipse.osgi.container.ModuleWiring$LoaderInitializer.call()Lorg/eclipse/osgi/container/ModuleLoader;+32
j  org.eclipse.osgi.container.ModuleWiring$LoaderInitializer.call()Ljava/lang/Object;+1
j  org.eclipse.osgi.internal.container.AtomicLazyInitializer.getInitialized(Ljava/util/concurrent/Callable;)Ljava/lang/Object;+38
j  org.eclipse.osgi.container.ModuleWiring.getModuleLoader()Lorg/eclipse/osgi/container/ModuleLoader;+8
j  org.eclipse.osgi.internal.framework.BundleContextImpl.loadBundleActivator()Lorg/osgi/framework/BundleActivator;+21
j  org.eclipse.osgi.internal.framework.BundleContextImpl.start()V+18
j  org.eclipse.osgi.internal.framework.EquinoxBundle.startWorker0()V+35
j  org.eclipse.osgi.internal.framework.EquinoxBundle$SystemBundle$EquinoxSystemModule.initWorker()V+60
j  org.eclipse.osgi.container.SystemModule.init()V+333
j  org.eclipse.osgi.internal.framework.EquinoxBundle$SystemBundle.init([Lorg/osgi/framework/FrameworkListener;)V+84
j  org.eclipse.osgi.internal.framework.EquinoxBundle$SystemBundle.init()V+2
j  org.eclipse.osgi.launch.Equinox.init()V+4
j  org.eclipse.core.runtime.adaptor.EclipseStarter.startup([Ljava/lang/String;Ljava/lang/Runnable;)Lorg/osgi/framework/BundleContext;+37
j  org.eclipse.core.runtime.adaptor.EclipseStarter.run([Ljava/lang/String;Ljava/lang/Runnable;)Ljava/lang/Object;+21
j  java.lang.invoke.DirectMethodHandle$Holder.invokeStatic(Ljava/lang/Object;Ljava/lang/Object;Ljava/lang/Object;)Ljava/lang/Object;+11 java.base@20.0.2
j  java.lang.invoke.LambdaForm$MH+0x00007f38be01a800.invoke(Ljava/lang/Object;Ljava/lang/Object;Ljava/lang/Object;Ljava/lang/Object;)Ljava/lang/Object;+54 java.base@20.0.2
j  java.lang.invoke.LambdaForm$MH+0x00007f38be002c00.invokeExact_MT(Ljava/lang/Object;Ljava/lang/Object;Ljava/lang/Object;Ljava/lang/Object;Ljava/lang/Object;)Ljava/lang/Object;+22 java.base@20.0.2
j  jdk.internal.reflect.DirectMethodHandleAccessor.invokeImpl(Ljava/lang/Object;[Ljava/lang/Object;)Ljava/lang/Object;+72 java.base@20.0.2
j  jdk.internal.reflect.DirectMethodHandleAccessor.invoke(Ljava/lang/Object;[Ljava/lang/Object;)Ljava/lang/Object;+23 java.base@20.0.2
j  java.lang.reflect.Method.invoke(Ljava/lang/Object;[Ljava/lang/Object;)Ljava/lang/Object;+102 java.base@20.0.2
j  org.eclipse.equinox.launcher.Main.invokeFramework([Ljava/lang/String;[Ljava/net/URL;)V+201
j  org.eclipse.equinox.launcher.Main.basicRun([Ljava/lang/String;)V+159
j  org.eclipse.equinox.launcher.Main.run([Ljava/lang/String;)I+4
j  org.eclipse.equinox.launcher.Main.main([Ljava/lang/String;)V+10
v  ~StubRoutines::call_stub 0x00007f390c337cc6
V  [libjvm.so+0x8a8a85]  JavaCalls::call_helper(JavaValue*, methodHandle const&, JavaCallArguments*, JavaThread*)+0x315
V  [libjvm.so+0x950cea]  jni_invoke_static(JNIEnv_*, JavaValue*, _jobject*, JNICallType, _jmethodID*, JNI_ArgumentPusher*, JavaThread*) [clone .constprop.1]+0x3ba
V  [libjvm.so+0x953a6e]  jni_CallStaticVoidMethod+0x15e
C  [libjli.so+0x467b]  JavaMain+0xd1b
C  [libjli.so+0x7c59]  ThreadJavaMain+0x9

siginfo: si_signo: 4 (SIGILL), si_code: 2 (ILL_ILLOPN), si_addr: 0x00007f390c399600

Registers:
RAX=0x00007f38bd08f080, RBX=0x00007f38b93d25f0, RCX=0x00007f38bd46f810, RDX=0x00000000ec624048
RSP=0x00007f3921f16b58, RBP=0x00007f3921f16bf8, RSI=0x00000000eb1391a8, RDI=0x00007f38bd08f080
R8 =0x00000000010c3a70, R9 =0x0000000000000038, R10=0x00007f38bd000000, R11=0x00007f39050097c0
R12=0x0000000000000000, R13=0x00007f3921f16ba0, R14=0x00007f38bd1d2560, R15=0x00007f391c028cd0
RIP=0x00007f390c399600, EFLAGS=0x0000000000010286, CSGSFS=0x002b000000000033, ERR=0x0000000000000000
  TRAPNO=0x0000000000000006


Register to memory mapping:

RAX=0x00007f38bd08f080 is a pointer to class: 
java.util.HashMap {0x00007f38bd08f080}
 - instance size:     6
 - klass size:        126
 - access:            public synchronized 
 - state:             fully_initialized
 - name:              'java/util/HashMap'
 - super:             'java/util/AbstractMap'
 - sub:               'java/util/LinkedHashMap'   
 - arrays:            NULL
 - methods:           Array<T>(0x00007f38bd6ed608)
 - method ordering:   Array<T>(0x00007f38bd6ed7f0)
 - default_methods:   Array<T>(0x0000000000000000)
 - local interfaces:  Array<T>(0x00007f38bd6ed7d0)
 - trans. interfaces: Array<T>(0x00007f38bd6ec150)
 - constants:         constant pool [632] {0x00007f38bd6ec170} for 'java/util/HashMap' cache=0x00007f38bd4073e8
 - class loader data:  loader data: 0x00007f391c02b070 of 'bootstrap'
 - source file:       'HashMap.java'
 - class annotations:       Array<T>(0x0000000000000000)
 - class type annotations:  Array<T>(0x0000000000000000)
 - field annotations:       Array<T>(0x0000000000000000)
 - field type annotations:  Array<T>(0x0000000000000000)
 - generic signature: '<K:Ljava/lang/Object;V:Ljava/lang/Object;>Ljava/util/AbstractMap<TK;TV;>;Ljava/util/Map<TK;TV;>;Ljava/lang/Cloneable;Ljava/io/Serializable;'
 - inner classes:     Array<T>(0x00007f38bd6ed578)
 - nest members:     Array<T>(0x00007f38bd6ed8d8)
 - permitted subclasses:     Array<T>(0x00007f38bd619c28)
 - java mirror:       a 'java/lang/Class'{0x00000000c000b250} = 'java/util/HashMap'
 - vtable length      39  (start addr: 0x00007f38bd08f240)
 - itable length      29 (start addr: 0x00007f38bd08f378)
 - ---- static fields (4 words):
 - private static final 'serialVersionUID' 'J' @112 
 - static final 'DEFAULT_INITIAL_CAPACITY' 'I' @120 
 - static final 'MAXIMUM_CAPACITY' 'I' @124 
 - static final 'DEFAULT_LOAD_FACTOR' 'F' @128 
 - static final 'TREEIFY_THRESHOLD' 'I' @132 
 - static final 'UNTREEIFY_THRESHOLD' 'I' @136 
 - static final 'MIN_TREEIFY_CAPACITY' 'I' @140 
 - ---- non-static fields (8 words):
 - transient 'keySet' 'Ljava/util/Set;' @12 
 - transient 'values' 'Ljava/util/Collection;' @16 
 - transient 'size' 'I' @20 
 - transient 'modCount' 'I' @24 
 - 'threshold' 'I' @28 
 - final 'loadFactor' 'F' @32 
 - transient 'table' '[Ljava/util/HashMap$Node;' @36 
 - transient 'entrySet' 'Ljava/util/Set;' @40 
 - non-static oop maps: 12-16 36-40 
RBX=0x00007f38b93d25f0 is pointing into metadata
RCX={method} {0x00007f38bd46f810} 'get' '(Ljava/lang/Object;)Ljava/lang/Object;' in 'java/util/Map'
RDX=0x00000000ec624048 is an oop: java.lang.String 
{0x00000000ec624048} - klass: 'java/lang/String'
 - string: "osgi.wiring.package"
 - ---- fields (total size 3 words):
 - private 'hash' 'I' @12  53756802 (0x03344382)
 - private final 'coder' 'B' @16  0 (0x00)
 - private 'hashIsZero' 'Z' @17  false (0x00)
 - abstract internal 'flags' 'B' @18  0 (0x00)
 - private final synchronized 'value' '[B' @20  [B{0x00000000ec624060} (0xec624060)
RSP=0x00007f3921f16b58 is pointing into the stack for thread: 0x00007f391c028cd0
RBP=0x00007f3921f16bf8 is pointing into the stack for thread: 0x00007f391c028cd0
RSI=0x00000000eb1391a8 is an oop: java.util.HashMap 
{0x00000000eb1391a8} - klass: 'java/util/HashMap'
 - ---- fields (total size 6 words):
 - transient 'keySet' 'Ljava/util/Set;' @12  NULL (0x00000000)
 - transient 'values' 'Ljava/util/Collection;' @16  NULL (0x00000000)
 - transient 'size' 'I' @20  4 (0x00000004)
 - transient 'modCount' 'I' @24  4 (0x00000004)
 - 'threshold' 'I' @28  6 (0x00000006)
 - final 'loadFactor' 'F' @32  0.750000 (0x3f400000)
 - transient 'table' '[Ljava/util/HashMap$Node;' @36  a 'java/util/HashMap$Node'[8] {0x00000000eb1392c0} (0xeb1392c0)
 - transient 'entrySet' 'Ljava/util/Set;' @40  NULL (0x00000000)
RDI=0x00007f38bd08f080 is a pointer to class: 
java.util.HashMap {0x00007f38bd08f080}
 - instance size:     6
 - klass size:        126
 - access:            public synchronized 
 - state:             fully_initialized
 - name:              'java/util/HashMap'
 - super:             'java/util/AbstractMap'
 - sub:               'java/util/LinkedHashMap'   
 - arrays:            NULL
 - methods:           Array<T>(0x00007f38bd6ed608)
 - method ordering:   Array<T>(0x00007f38bd6ed7f0)
 - default_methods:   Array<T>(0x0000000000000000)
 - local interfaces:  Array<T>(0x00007f38bd6ed7d0)
 - trans. interfaces: Array<T>(0x00007f38bd6ec150)
 - constants:         constant pool [632] {0x00007f38bd6ec170} for 'java/util/HashMap' cache=0x00007f38bd4073e8
 - class loader data:  loader data: 0x00007f391c02b070 of 'bootstrap'
 - source file:       'HashMap.java'
 - class annotations:       Array<T>(0x0000000000000000)
 - class type annotations:  Array<T>(0x0000000000000000)
 - field annotations:       Array<T>(0x0000000000000000)
 - field type annotations:  Array<T>(0x0000000000000000)
 - generic signature: '<K:Ljava/lang/Object;V:Ljava/lang/Object;>Ljava/util/AbstractMap<TK;TV;>;Ljava/util/Map<TK;TV;>;Ljava/lang/Cloneable;Ljava/io/Serializable;'
 - inner classes:     Array<T>(0x00007f38bd6ed578)
 - nest members:     Array<T>(0x00007f38bd6ed8d8)
 - permitted subclasses:     Array<T>(0x00007f38bd619c28)
 - java mirror:       a 'java/lang/Class'{0x00000000c000b250} = 'java/util/HashMap'
 - vtable length      39  (start addr: 0x00007f38bd08f240)
 - itable length      29 (start addr: 0x00007f38bd08f378)
 - ---- static fields (4 words):
 - private static final 'serialVersionUID' 'J' @112 
 - static final 'DEFAULT_INITIAL_CAPACITY' 'I' @120 
 - static final 'MAXIMUM_CAPACITY' 'I' @124 
 - static final 'DEFAULT_LOAD_FACTOR' 'F' @128 
 - static final 'TREEIFY_THRESHOLD' 'I' @132 
 - static final 'UNTREEIFY_THRESHOLD' 'I' @136 
 - static final 'MIN_TREEIFY_CAPACITY' 'I' @140 
 - ---- non-static fields (8 words):
 - transient 'keySet' 'Ljava/util/Set;' @12 
 - transient 'values' 'Ljava/util/Collection;' @16 
 - transient 'size' 'I' @20 
 - transient 'modCount' 'I' @24 
 - 'threshold' 'I' @28 
 - final 'loadFactor' 'F' @32 
 - transient 'table' '[Ljava/util/HashMap$Node;' @36 
 - transient 'entrySet' 'Ljava/util/Set;' @40 
 - non-static oop maps: 12-16 36-40 
R8 =17578608 is a compressed pointer to class: 0x00007f38be0c3a70
java.util.ArrayList$SubList$1 {0x00007f38be0c3a70}
 - instance size:     4
 - klass size:        91
 - access:            synchronized 
 - state:             fully_initialized
 - name:              'java/util/ArrayList$SubList$1'
 - super:             'java/lang/Object'
 - sub:               
 - arrays:            NULL
 - methods:           Array<T>(0x00007f38b93df9f0)
 - method ordering:   Array<T>(0x00007f38bdb1b988)
 - default_methods:   Array<T>(0x0000000000000000)
 - local interfaces:  Array<T>(0x00007f38b93df998)
 - trans. interfaces: Array<T>(0x00007f38b93e05a0)
 - constants:         constant pool [136] {0x00007f38b93df4a8} for 'java/util/ArrayList$SubList$1' cache=0x00007f38b93e05b8
 - class loader data:  loader data: 0x00007f391c02b070 of 'bootstrap'
 - source file:       'ArrayList.java'
 - class annotations:       Array<T>(0x0000000000000000)
 - class type annotations:  Array<T>(0x0000000000000000)
 - field annotations:       Array<T>(0x0000000000000000)
 - field type annotations:  Array<T>(0x0000000000000000)
 - generic signature: 'Ljava/lang/Object;Ljava/util/ListIterator<TE;>;'
 - inner classes:     Array<T>(0x00007f38b93e0580)
 - nest members:     Array<T>(0x00007f38bd619c28)
 - permitted subclasses:     Array<T>(0x00007f38bd619c28)
 - java mirror:       a 'java/lang/Class'{0x00000000eb82aae0} = 'java/util/ArrayList$SubList$1'
 - vtable length      15  (start addr: 0x00007f38be0c3c30)
 - itable length      19 (start addr: 0x00007f38be0c3ca8)
 - ---- static fields (0 words):
 - ---- non-static fields (5 words):
 - 'cursor' 'I' @12 
 - 'lastRet' 'I' @16 
 - 'expectedModCount' 'I' @20 
 - final synthetic 'val$index' 'I' @24 
 - final synthetic 'this$0' 'Ljava/util/ArrayList$SubList;' @28 
 - non-static oop maps: 28-28 
R9 =0x0000000000000038 is an unknown value
R10=0x00007f38bd000000 is pointing into metadata
R11=0x00007f39050097c0 is at entry_point+32 in (nmethod*)0x00007f3905009610
Compiled method (c1)    3856 1280       3       java.util.Collections$UnmodifiableMap::get (11 bytes)
 total in heap  [0x00007f3905009610,0x00007f39050099f0] = 992
 relocation     [0x00007f3905009758,0x00007f3905009798] = 64
 main code      [0x00007f39050097a0,0x00007f3905009928] = 392
 stub code      [0x00007f3905009928,0x00007f3905009968] = 64
 metadata       [0x00007f3905009968,0x00007f3905009970] = 8
 scopes data    [0x00007f3905009970,0x00007f3905009988] = 24
 scopes pcs     [0x00007f3905009988,0x00007f39050099d8] = 80
 dependencies   [0x00007f39050099d8,0x00007f39050099e0] = 8
 nul chk table  [0x00007f39050099e0,0x00007f39050099f0] = 16
R12=0x0 is NULL
R13=0x00007f3921f16ba0 is pointing into the stack for thread: 0x00007f391c028cd0
R14=0x00007f38bd1d2560 is pointing into metadata
R15=0x00007f391c028cd0 is a thread


Top of Stack: (sp=0x00007f3921f16b58)
0x00007f3921f16b58:   00007f39050098ac 00007f3921f16bf8
0x00007f3921f16b68:   00007f390c8f1f00 00000000eb9d5978
0x00007f3921f16b78:   00007f390c8f1f00 00007f3921f16bf8
0x00007f3921f16b88:   00007f390c35458e 00007f3921f16bf8
0x00007f3921f16b98:   00007f390c3545d3 00000000ec624048
0x00007f3921f16ba8:   00000000eb1392f0 00007f3921f16bb0
0x00007f3921f16bb8:   00007f38b9573ce0 00007f3921f16c30
0x00007f3921f16bc8:   00007f38b9663ff0 0000000000000000
0x00007f3921f16bd8:   00000000eaf4a590 00007f38b9573d70
0x00007f3921f16be8:   00007f3921f16ba0 00007f3921f16c20
0x00007f3921f16bf8:   00007f3921f16c80 00007f390c35402a
0x00007f3921f16c08:   00000000eb0944d8 00000000eb9d5960
0x00007f3921f16c18:   00000000eb5dfff8 00000000eb9d5948
0x00007f3921f16c28:   00000000eb9d58b0 00000000eb7b0290
0x00007f3921f16c38:   00007f3921f16c38 00007f38b957388b
0x00007f3921f16c48:   00007f3921f16cd8 00007f38b9663ff0
0x00007f3921f16c58:   0000000000000000 00000000eaf4a590
0x00007f3921f16c68:   00007f38b95739f0 00007f3921f16c20
0x00007f3921f16c78:   00007f3921f16cc0 00007f3921f16d28
0x00007f3921f16c88:   00007f390c35402a 0000000000000000
0x00007f3921f16c98:   0000000000000000 0000000000000000
0x00007f3921f16ca8:   0000000000000000 0000000000000000
0x00007f3921f16cb8:   00000000eb7b0290 00000000ec418268
0x00007f3921f16cc8:   00000000ec6a7a50 00000000eb7af608
0x00007f3921f16cd8:   00000000eb9bcc58 00007f3921f16ce0
0x00007f3921f16ce8:   00007f38b955cf27 00007f3921f16d50
0x00007f3921f16cf8:   00007f38b96665e8 0000000000000000
0x00007f3921f16d08:   00000000eaf4a6f0 00007f38b955cf90
0x00007f3921f16d18:   00007f3921f16cc0 00007f3921f16d38
0x00007f3921f16d28:   00007f3921f16da8 00007f390c35402a
0x00007f3921f16d38:   00000000ec501d38 00000000ec6a7a50
0x00007f3921f16d48:   00000000eb7af608 00000000eb9bcc58 

Instructions: (pc=0x00007f390c399600)
0x00007f390c399500:   00 00 00 00 00 00 00 00 00 00 00 00 00 00 00 00
0x00007f390c399510:   00 00 00 00 00 00 00 00 00 00 00 00 00 00 00 00
0x00007f390c399520:   00 00 00 00 00 00 00 00 00 00 00 00 00 00 00 00
0x00007f390c399530:   00 00 00 00 00 00 00 00 00 00 00 00 00 00 00 00
0x00007f390c399540:   00 00 00 00 00 00 00 00 00 00 00 00 00 00 00 00
0x00007f390c399550:   00 00 00 00 00 00 00 00 00 00 00 00 00 00 00 00
0x00007f390c399560:   00 00 00 00 00 00 00 00 00 00 00 00 00 00 00 00
0x00007f390c399570:   00 00 00 00 00 00 00 00 00 00 00 00 00 00 00 00
0x00007f390c399580:   00 00 00 00 00 00 00 00 00 00 00 00 00 00 00 00
0x00007f390c399590:   00 00 00 00 00 00 00 00 00 00 00 00 00 00 00 00
0x00007f390c3995a0:   00 00 00 00 00 00 00 00 00 00 00 00 00 00 00 00
0x00007f390c3995b0:   00 00 00 00 00 00 00 00 00 00 00 00 00 00 00 00
0x00007f390c3995c0:   00 00 00 00 00 00 00 00 00 00 00 00 00 00 00 00
0x00007f390c3995d0:   00 00 00 00 00 00 00 00 00 00 00 00 00 00 00 00
0x00007f390c3995e0:   00 00 00 00 00 00 00 00 00 00 00 00 00 00 00 00
0x00007f390c3995f0:   00 00 00 00 00 00 00 00 00 00 00 00 00 00 00 00
0x00007f390c399600:   06 00 00 00 00 00 00 00 01 00 00 00 00 00 00 00
0x00007f390c399610:   60 62 22 23 39 7f 00 00 80 96 39 0c 39 7f 00 00
0x00007f390c399620:   58 98 39 0c 39 7f 00 00 80 96 39 0c 39 7f 00 00
0x00007f390c399630:   58 98 39 0c 39 7f 00 00 70 96 39 0c 39 7f 00 00
0x00007f390c399640:   80 96 39 0c 39 7f 00 00 00 00 00 00 00 00 00 00
0x00007f390c399650:   42 bf f7 22 39 7f 00 00 48 02 00 00 60 00 00 00
0x00007f390c399660:   ff ff ff ff 48 02 00 00 00 00 00 00 00 00 00 00
0x00007f390c399670:   3e 32 10 32 3a 32 47 32 86 32 00 00 00 00 00 00
0x00007f390c399680:   4c 8b dc 58 48 83 e4 f0 50 49 8b c3 4c 8b 5b 40
0x00007f390c399690:   48 8b 70 08 49 89 9f 10 03 00 00 48 8b c3 41 ff
0x00007f390c3996a0:   e3 8b 5e 08 49 ba 00 00 00 bd 38 7f 00 00 49 03
0x00007f390c3996b0:   da 48 3b 58 08 48 8b 18 0f 84 05 00 00 00 e9 bd
0x00007f390c3996c0:   08 00 00 48 83 7b 48 00 0f 84 74 01 00 00 e9 ad
0x00007f390c3996d0:   08 00 00 44 8b 53 28 41 f6 c2 08 0f 84 2c 00 00
0x00007f390c3996e0:   00 4c 8b 53 08 4d 8b 52 08 4d 8b 52 18 41 80 ba
0x00007f390c3996f0:   23 01 00 00 05 0f 84 12 00 00 00 4d 3b ba 30 01 


Stack slot to memory mapping:
stack at sp + 0 slots: 0x00007f39050098ac is at entry_point+268 in (nmethod*)0x00007f3905009610
Compiled method (c1)    3867 1280       3       java.util.Collections$UnmodifiableMap::get (11 bytes)
 total in heap  [0x00007f3905009610,0x00007f39050099f0] = 992
 relocation     [0x00007f3905009758,0x00007f3905009798] = 64
 main code      [0x00007f39050097a0,0x00007f3905009928] = 392
 stub code      [0x00007f3905009928,0x00007f3905009968] = 64
 metadata       [0x00007f3905009968,0x00007f3905009970] = 8
 scopes data    [0x00007f3905009970,0x00007f3905009988] = 24
 scopes pcs     [0x00007f3905009988,0x00007f39050099d8] = 80
 dependencies   [0x00007f39050099d8,0x00007f39050099e0] = 8
 nul chk table  [0x00007f39050099e0,0x00007f39050099f0] = 16
stack at sp + 1 slots: 0x00007f3921f16bf8 is pointing into the stack for thread: 0x00007f391c028cd0
stack at sp + 2 slots: 0x00007f390c8f1f00 is at entry_point+128 in (nmethod*)0x00007f390c8f1d10
Compiled method (c2)    3867  532       4       java.util.Collections$UnmodifiableCollection$1::hasNext (10 bytes)
 total in heap  [0x00007f390c8f1d10,0x00007f390c8f1ff8] = 744
 relocation     [0x00007f390c8f1e58,0x00007f390c8f1e78] = 32
 main code      [0x00007f390c8f1e80,0x00007f390c8f1f40] = 192
 stub code      [0x00007f390c8f1f40,0x00007f390c8f1f58] = 24
 metadata       [0x00007f390c8f1f58,0x00007f390c8f1f70] = 24
 scopes data    [0x00007f390c8f1f70,0x00007f390c8f1f88] = 24
 scopes pcs     [0x00007f390c8f1f88,0x00007f390c8f1fc8] = 64
 dependencies   [0x00007f390c8f1fc8,0x00007f390c8f1fd0] = 8
 handler table  [0x00007f390c8f1fd0,0x00007f390c8f1fe8] = 24
 nul chk table  [0x00007f390c8f1fe8,0x00007f390c8f1ff8] = 16
stack at sp + 3 slots: 0x00000000eb9d5978 is an oop: java.util.ArrayList$SubList$1 
{0x00000000eb9d5978} - klass: 'java/util/ArrayList$SubList$1'
 - ---- fields (total size 4 words):
 - 'cursor' 'I' @12  3 (0x00000003)
 - 'lastRet' 'I' @16  2 (0x00000002)
 - 'expectedModCount' 'I' @20  9 (0x00000009)
 - final synthetic 'val$index' 'I' @24  0 (0x00000000)
 - final synthetic 'this$0' 'Ljava/util/ArrayList$SubList;' @28  a 'java/util/ArrayList$SubList'{0x00000000eb7b02a8} (0xeb7b02a8)
stack at sp + 4 slots: 0x00007f390c8f1f00 is at entry_point+128 in (nmethod*)0x00007f390c8f1d10
Compiled method (c2)    3869  532       4       java.util.Collections$UnmodifiableCollection$1::hasNext (10 bytes)
 total in heap  [0x00007f390c8f1d10,0x00007f390c8f1ff8] = 744
 relocation     [0x00007f390c8f1e58,0x00007f390c8f1e78] = 32
 main code      [0x00007f390c8f1e80,0x00007f390c8f1f40] = 192
 stub code      [0x00007f390c8f1f40,0x00007f390c8f1f58] = 24
 metadata       [0x00007f390c8f1f58,0x00007f390c8f1f70] = 24
 scopes data    [0x00007f390c8f1f70,0x00007f390c8f1f88] = 24
 scopes pcs     [0x00007f390c8f1f88,0x00007f390c8f1fc8] = 64
 dependencies   [0x00007f390c8f1fc8,0x00007f390c8f1fd0] = 8
 handler table  [0x00007f390c8f1fd0,0x00007f390c8f1fe8] = 24
 nul chk table  [0x00007f390c8f1fe8,0x00007f390c8f1ff8] = 16
stack at sp + 5 slots: 0x00007f3921f16bf8 is pointing into the stack for thread: 0x00007f391c028cd0
stack at sp + 6 slots: 0x00007f390c35458e is at code_begin+2478 in an Interpreter codelet
return entry points  [0x00007f390c353be0, 0x00007f390c3546a8]  2760 bytes
stack at sp + 7 slots: 0x00007f3921f16bf8 is pointing into the stack for thread: 0x00007f391c028cd0


---------------  P R O C E S S  ---------------

Threads class SMR info:
_java_thread_list=0x00007f391c3f98c0, length=13, elements={
0x00007f391c028cd0, 0x00007f391c14c4c0, 0x00007f391c14d9c0, 0x00007f391c14f470,
0x00007f391c1508d0, 0x00007f391c151d20, 0x00007f391c153710, 0x00007f391c154c80,
0x00007f391c17de70, 0x00007f391c257240, 0x00007f391c2c64e0, 0x00007f38943bf180,
0x00007f391c3f8980
}

Java Threads: ( => current thread )
=>0x00007f391c028cd0 JavaThread "main" [_thread_in_Java, id=12550, stack(0x00007f3921e19000,0x00007f3921f19000)]
  0x00007f391c14c4c0 JavaThread "Reference Handler" daemon [_thread_blocked, id=12553, stack(0x00007f39203b8000,0x00007f39204b8000)]
  0x00007f391c14d9c0 JavaThread "Finalizer" daemon [_thread_blocked, id=12554, stack(0x00007f39202b8000,0x00007f39203b8000)]
  0x00007f391c14f470 JavaThread "Signal Dispatcher" daemon [_thread_blocked, id=12555, stack(0x00007f39201b8000,0x00007f39202b8000)]
  0x00007f391c1508d0 JavaThread "Service Thread" daemon [_thread_blocked, id=12556, stack(0x00007f39200b8000,0x00007f39201b8000)]
  0x00007f391c151d20 JavaThread "Monitor Deflation Thread" daemon [_thread_blocked, id=12557, stack(0x00007f3904d00000,0x00007f3904e00000)]
  0x00007f391c153710 JavaThread "C2 CompilerThread0" daemon [_thread_blocked, id=12559, stack(0x00007f3904c00000,0x00007f3904d00000)]
  0x00007f391c154c80 JavaThread "C1 CompilerThread0" daemon [_thread_blocked, id=12560, stack(0x00007f3904b00000,0x00007f3904c00000)]
  0x00007f391c17de70 JavaThread "Common-Cleaner" daemon [_thread_blocked, id=12561, stack(0x00007f3904a00000,0x00007f3904b00000)]
  0x00007f391c257240 JavaThread "Notification Thread" daemon [_thread_blocked, id=12578, stack(0x00007f3904900000,0x00007f3904a00000)]
  0x00007f391c2c64e0 JavaThread "process reaper" daemon [_thread_blocked, id=12586, stack(0x00007f3920096000,0x00007f39200b8000)]
  0x00007f38943bf180 JavaThread "C2 CompilerThread1" daemon [_thread_blocked, id=12606, stack(0x00007f39046fe000,0x00007f39047fe000)]
  0x00007f391c3f8980 JavaThread "Active Thread: Equinox Container: fc8290e5-d426-4559-ba2c-dcb01fc37462" [_thread_blocked, id=12611, stack(0x00007f39042f8000,0x00007f39043f8000)]

Other Threads:
  0x00007f391c13bb70 VMThread "VM Thread" [stack: 0x00007f3920732000,0x00007f3920832000] [id=12552] _threads_hazard_ptr=0x00007f391c3f98c0
  0x00007f391c249150 WatcherThread "VM Periodic Task Thread" [stack: 0x00007f3904800000,0x00007f3904900000] [id=12579]
  0x00007f391c044920 WorkerThread "GC Thread#0" [stack: 0x00007f3921942000,0x00007f3921a42000] [id=12551]
  0x00007f38b4001110 WorkerThread "GC Thread#1" [stack: 0x00007f39045fe000,0x00007f39046fe000] [id=12599]
  0x00007f38b4002f60 WorkerThread "GC Thread#2" [stack: 0x00007f39044fc000,0x00007f39045fc000] [id=12601]
  0x00007f38b4003970 WorkerThread "GC Thread#3" [stack: 0x00007f39043fa000,0x00007f39044fa000] [id=12602]

Threads with active compile tasks:

VM state: synchronizing (normal execution)

VM Mutex/Monitor currently owned by a thread:  ([mutex/lock_event])
[0x00007f391c0272d0] Threads_lock - owner thread: 0x00007f391c13bb70

Heap address: 0x00000000c0000000, size: 1024 MB, Compressed Oops mode: 32-bit

CDS archive(s) mapped at: [0x00007f38bd000000-0x00007f38bdc7e000-0x00007f38bdc7e000), size 13099008, SharedBaseAddress: 0x00007f38bd000000, ArchiveRelocationMode: 1.
Compressed class space mapped at: 0x00007f38be000000-0x00007f38fe000000, reserved size: 1073741824
Narrow klass base: 0x00007f38bd000000, Narrow klass shift: 0, Narrow klass range: 0x100000000

GC Precious Log:
 CardTable entry size: 512
 CPUs: 4 total, 4 available
 Memory: 15880M
 Large Page Support: Disabled
 NUMA Support: Disabled
 Compressed Oops: Enabled (32-bit)
 Alignments: Space 512K, Generation 512K, Heap 2M
 Heap Min Capacity: 100M
 Heap Initial Capacity: 100M
 Heap Max Capacity: 1G
 Pre-touch: Disabled
 Parallel Workers: 4

Heap:
 PSYoungGen      total 29696K, used 18687K [0x00000000eab00000, 0x00000000ecc00000, 0x0000000100000000)
  eden space 25600K, 61% used [0x00000000eab00000,0x00000000eba7ae10,0x00000000ec400000)
  from space 4096K, 69% used [0x00000000ec400000,0x00000000ec6c4f80,0x00000000ec800000)
  to   space 4096K, 0% used [0x00000000ec800000,0x00000000ec800000,0x00000000ecc00000)
 ParOldGen       total 68608K, used 1016K [0x00000000c0000000, 0x00000000c4300000, 0x00000000eab00000)
  object space 68608K, 1% used [0x00000000c0000000,0x00000000c00fe000,0x00000000c4300000)
 Metaspace       used 7125K, committed 7360K, reserved 1114112K
  class space    used 670K, committed 768K, reserved 1048576K

Card table byte_map: [0x00007f3921a42000,0x00007f3921c43000] _byte_map_base: 0x00007f3921442000

Marking Bits: (ParMarkBitMap*) 0x00007f39233530c0
 Begin Bits: [0x00007f38fe000000, 0x00007f38ff000000)
 End Bits:   [0x00007f38ff000000, 0x00007f3900000000)

Polling page: 0x00007f392375a000

Metaspace:

Usage:
  Non-class:      6.30 MB used.
      Class:    670.14 KB used.
       Both:      6.96 MB used.

Virtual space:
  Non-class space:       64.00 MB reserved,       6.44 MB ( 10%) committed,  1 nodes.
      Class space:        1.00 GB reserved,     768.00 KB ( <1%) committed,  1 nodes.
             Both:        1.06 GB reserved,       7.19 MB ( <1%) committed. 

Chunk freelists:
   Non-Class:  1.58 MB
       Class:  3.06 MB
        Both:  4.64 MB

MaxMetaspaceSize: unlimited
CompressedClassSpaceSize: 1.00 GB
Initial GC threshold: 21.00 MB
Current GC threshold: 21.00 MB
CDS: on
MetaspaceReclaimPolicy: balanced
 - commit_granule_bytes: 65536.
 - commit_granule_words: 8192.
 - virtual_space_node_default_size: 8388608.
 - enlarge_chunks_in_place: 1.
 - new_chunks_are_fully_committed: 0.
 - uncommit_free_chunks: 1.
 - use_allocation_guard: 0.


Internal statistics:

num_allocs_failed_limit: 0.
num_arena_births: 176.
num_arena_deaths: 0.
num_vsnodes_births: 2.
num_vsnodes_deaths: 0.
num_space_committed: 115.
num_space_uncommitted: 0.
num_chunks_returned_to_freelist: 0.
num_chunks_taken_from_freelist: 304.
num_chunk_merges: 0.
num_chunk_splits: 210.
num_chunks_enlarged: 152.
num_inconsistent_stats: 0.

CodeHeap 'non-profiled nmethods': size=120032Kb used=520Kb max_used=520Kb free=119511Kb
 bounds [0x00007f390c8c8000, 0x00007f390cb38000, 0x00007f3913e00000]
CodeHeap 'profiled nmethods': size=120028Kb used=2265Kb max_used=2265Kb free=117762Kb
 bounds [0x00007f3904e00000, 0x00007f3905070000, 0x00007f390c337000]
CodeHeap 'non-nmethods': size=5700Kb used=1255Kb max_used=1291Kb free=4444Kb
 bounds [0x00007f390c337000, 0x00007f390c5a7000, 0x00007f390c8c8000]
 total_blobs=1867 nmethods=1404 adapters=377
 compilation: enabled
              stopped_count=0, restarted_count=0
 full_count=0

Compilation events (20 events):
Event: 3.778 Thread 0x00007f391c154c80 nmethod 1393 0x00007f3905030e10 code [0x00007f3905030fa0, 0x00007f39050310d8]
Event: 3.782 Thread 0x00007f38943bf180 nmethod 1379 0x00007f390c949310 code [0x00007f390c9494c0, 0x00007f390c9496c0]
Event: 3.783 Thread 0x00007f38943bf180 1395       4       lombok.patcher.scripts.MethodLevelPatchScript::patch (21 bytes)
Event: 3.784 Thread 0x00007f38943bf180 nmethod 1395 0x00007f390c949890 code [0x00007f390c949a20, 0x00007f390c949b18]
Event: 3.787 Thread 0x00007f391c154c80 1398       3       java.util.zip.ZipFile$ZipFileInflaterInputStream::fill (80 bytes)
Event: 3.788 Thread 0x00007f391c154c80 nmethod 1398 0x00007f3905031190 code [0x00007f3905031360, 0x00007f39050316c8]
Event: 3.788 Thread 0x00007f391c154c80 1399   !   3       java.util.zip.ZipFile$ZipFileInputStream::read (135 bytes)
Event: 3.791 Thread 0x00007f391c154c80 nmethod 1399 0x00007f3905031890 code [0x00007f3905031aa0, 0x00007f3905032198]
Event: 3.792 Thread 0x00007f391c154c80 1400       3       java.util.zip.ZipFile::ensureOpenOrZipException (19 bytes)
Event: 3.792 Thread 0x00007f391c154c80 nmethod 1400 0x00007f3905032590 code [0x00007f3905032720, 0x00007f3905032940]
Event: 3.792 Thread 0x00007f391c154c80 1401       3       java.util.zip.ZipFile$ZipFileInputStream::initDataOffset (117 bytes)
Event: 3.793 Thread 0x00007f391c154c80 nmethod 1401 0x00007f3905032a10 code [0x00007f3905032c20, 0x00007f3905033448]
Event: 3.793 Thread 0x00007f391c154c80 1402   !   3       java.util.zip.ZipFile$Source::readAt (39 bytes)
Event: 3.793 Thread 0x00007f391c154c80 nmethod 1402 0x00007f3905033790 code [0x00007f3905033940, 0x00007f3905033c40]
Event: 3.797 Thread 0x00007f391c154c80 1404       3       java.security.SecureClassLoader$CodeSourceKey::equals (60 bytes)
Event: 3.806 Thread 0x00007f391c154c80 nmethod 1404 0x00007f3905033e90 code [0x00007f3905034080, 0x00007f39050346e8]
Event: 3.806 Thread 0x00007f391c154c80 1405       3       java.lang.Object::toString (36 bytes)
Event: 3.807 Thread 0x00007f391c154c80 nmethod 1405 0x00007f3905034910 code [0x00007f3905034b60, 0x00007f3905035310]
Event: 3.807 Thread 0x00007f391c154c80 1403       3       sun.security.util.ManifestEntryVerifier::algsPermittedStatusForSigners (40 bytes)
Event: 3.808 Thread 0x00007f391c154c80 nmethod 1403 0x00007f3905035610 code [0x00007f39050357e0, 0x00007f3905035db0]

GC Heap History (2 events):
Event: 2.756 GC heap before
{Heap before GC invocations=1 (full 0):
 PSYoungGen      total 29696K, used 25600K [0x00000000eab00000, 0x00000000ecc00000, 0x0000000100000000)
  eden space 25600K, 100% used [0x00000000eab00000,0x00000000ec400000,0x00000000ec400000)
  from space 4096K, 0% used [0x00000000ec800000,0x00000000ec800000,0x00000000ecc00000)
  to   space 4096K, 0% used [0x00000000ec400000,0x00000000ec400000,0x00000000ec800000)
 ParOldGen       total 68608K, used 1008K [0x00000000c0000000, 0x00000000c4300000, 0x00000000eab00000)
  object space 68608K, 1% used [0x00000000c0000000,0x00000000c00fc000,0x00000000c4300000)
 Metaspace       used 4886K, committed 5120K, reserved 1114112K
  class space    used 473K, committed 576K, reserved 1048576K
}
Event: 2.827 GC heap after
{Heap after GC invocations=1 (full 0):
 PSYoungGen      total 29696K, used 2835K [0x00000000eab00000, 0x00000000ecc00000, 0x0000000100000000)
  eden space 25600K, 0% used [0x00000000eab00000,0x00000000eab00000,0x00000000ec400000)
  from space 4096K, 69% used [0x00000000ec400000,0x00000000ec6c4f80,0x00000000ec800000)
  to   space 4096K, 0% used [0x00000000ec800000,0x00000000ec800000,0x00000000ecc00000)
 ParOldGen       total 68608K, used 1016K [0x00000000c0000000, 0x00000000c4300000, 0x00000000eab00000)
  object space 68608K, 1% used [0x00000000c0000000,0x00000000c00fe000,0x00000000c4300000)
 Metaspace       used 4886K, committed 5120K, reserved 1114112K
  class space    used 473K, committed 576K, reserved 1048576K
}

Dll operation events (9 events):
Event: 0.005 Loaded shared library /usr/lib/jvm/jdk-20/lib/libjava.so
Event: 0.044 Loaded shared library /usr/lib/jvm/jdk-20/lib/libjsvml.so
Event: 0.545 Loaded shared library /usr/lib/jvm/jdk-20/lib/libzip.so
Event: 0.548 Loaded shared library /usr/lib/jvm/jdk-20/lib/libinstrument.so
Event: 0.555 Loaded shared library /usr/lib/jvm/jdk-20/lib/libnio.so
Event: 0.567 Loaded shared library /usr/lib/jvm/jdk-20/lib/libzip.so
Event: 0.729 Loaded shared library /usr/lib/jvm/jdk-20/lib/libjimage.so
Event: 1.131 Loaded shared library /usr/lib/jvm/jdk-20/lib/libverify.so
Event: 2.979 Loaded shared library /usr/lib/jvm/jdk-20/lib/libnet.so

Deoptimization events (20 events):
Event: 3.347 Thread 0x00007f391c028cd0 Uncommon trap: trap_request=0xffffff45 fr.pc=0x00007f390c904560 relative=0x0000000000000d40
Event: 3.347 Thread 0x00007f391c028cd0 Uncommon trap: reason=unstable_if action=reinterpret pc=0x00007f390c904560 method=lombok.patcher.PatchScript.classMatches(Ljava/lang/String;Ljava/util/Collection;)Z @ 25 c2
Event: 3.347 Thread 0x00007f391c028cd0 DEOPT PACKING pc=0x00007f390c904560 sp=0x00007f3921f112a0
Event: 3.347 Thread 0x00007f391c028cd0 DEOPT UNPACKING pc=0x00007f390c39f599 sp=0x00007f3921f11218 mode 2
Event: 3.347 Thread 0x00007f391c028cd0 Uncommon trap: trap_request=0xffffff45 fr.pc=0x00007f390c9116fc relative=0x000000000000045c
Event: 3.347 Thread 0x00007f391c028cd0 Uncommon trap: reason=unstable_if action=reinterpret pc=0x00007f390c9116fc method=java.lang.String.<init>(Ljava/nio/charset/Charset;[BII)V @ 34 c2
Event: 3.347 Thread 0x00007f391c028cd0 DEOPT PACKING pc=0x00007f390c9116fc sp=0x00007f3921f108a0
Event: 3.347 Thread 0x00007f391c028cd0 DEOPT UNPACKING pc=0x00007f390c39f599 sp=0x00007f3921f10858 mode 2
Event: 3.478 Thread 0x00007f391c028cd0 Uncommon trap: trap_request=0xffffff45 fr.pc=0x00007f390c8d0e28 relative=0x00000000000000a8
Event: 3.478 Thread 0x00007f391c028cd0 Uncommon trap: reason=unstable_if action=reinterpret pc=0x00007f390c8d0e28 method=java.lang.String.hashCode()I @ 42 c2
Event: 3.478 Thread 0x00007f391c028cd0 DEOPT PACKING pc=0x00007f390c8d0e28 sp=0x00007f3921f10840
Event: 3.478 Thread 0x00007f391c028cd0 DEOPT UNPACKING pc=0x00007f390c39f599 sp=0x00007f3921f107f0 mode 2
Event: 3.728 Thread 0x00007f391c028cd0 Uncommon trap: trap_request=0xffffff45 fr.pc=0x00007f390c92ccb0 relative=0x00000000000000b0
Event: 3.728 Thread 0x00007f391c028cd0 Uncommon trap: reason=unstable_if action=reinterpret pc=0x00007f390c92ccb0 method=java.util.concurrent.locks.ReentrantLock$NonfairSync.initialTryLock()Z @ 10 c2
Event: 3.728 Thread 0x00007f391c028cd0 DEOPT PACKING pc=0x00007f390c92ccb0 sp=0x00007f3921f16ec0
Event: 3.728 Thread 0x00007f391c028cd0 DEOPT UNPACKING pc=0x00007f390c39f599 sp=0x00007f3921f16e70 mode 2
Event: 3.729 Thread 0x00007f391c028cd0 Uncommon trap: trap_request=0xffffff45 fr.pc=0x00007f390c92c964 relative=0x00000000000000e4
Event: 3.729 Thread 0x00007f391c028cd0 Uncommon trap: reason=unstable_if action=reinterpret pc=0x00007f390c92c964 method=java.util.concurrent.locks.ReentrantLock$Sync.tryRelease(I)Z @ 26 c2
Event: 3.729 Thread 0x00007f391c028cd0 DEOPT PACKING pc=0x00007f390c92c964 sp=0x00007f3921f16ef0
Event: 3.729 Thread 0x00007f391c028cd0 DEOPT UNPACKING pc=0x00007f390c39f599 sp=0x00007f3921f16e90 mode 2

Classes loaded (20 events):
Event: 3.773 Loading class java/util/concurrent/Delayed
Event: 3.773 Loading class java/util/concurrent/Delayed done
Event: 3.773 Loading class java/util/concurrent/ScheduledFuture done
Event: 3.773 Loading class java/util/concurrent/RunnableScheduledFuture done
Event: 3.773 Loading class java/util/concurrent/ScheduledThreadPoolExecutor$ScheduledFutureTask
Event: 3.773 Loading class java/util/concurrent/FutureTask
Event: 3.773 Loading class java/util/concurrent/FutureTask done
Event: 3.773 Loading class java/util/concurrent/ScheduledThreadPoolExecutor$ScheduledFutureTask done
Event: 3.779 Loading class java/util/concurrent/FutureTask$WaitNode
Event: 3.779 Loading class java/util/concurrent/FutureTask$WaitNode done
Event: 3.779 Loading class java/util/concurrent/Executors$RunnableAdapter
Event: 3.779 Loading class java/util/concurrent/Executors$RunnableAdapter done
Event: 3.783 Loading class java/lang/Thread$Constants$1
Event: 3.783 Loading class java/lang/Thread$Constants$1 done
Event: 3.783 Loading class java/lang/Thread$Constants$2
Event: 3.783 Loading class java/lang/Thread$Constants$2 done
Event: 3.783 Loading class java/lang/Thread$Constants$2$1
Event: 3.783 Loading class java/lang/Thread$Constants$2$1 done
Event: 3.785 Loading class java/util/concurrent/TimeUnit$1
Event: 3.785 Loading class java/util/concurrent/TimeUnit$1 done

Classes unloaded (0 events):
No events

Classes redefined (0 events):
No events

Internal exceptions (20 events):
Event: 1.990 Thread 0x00007f391c028cd0 Exception <a 'java/lang/NoSuchMethodError'{0x00000000eb9d2450}: 'java.lang.Object java.lang.invoke.DirectMethodHandle$Holder.newInvokeSpecial(java.lang.Object, java.lang.Object, java.lang.Object, int)'> (0x00000000eb9d2450) 
thrown [open/src/hotspot/share/interpreter/linkResolver.cpp, line 772]
Event: 1.992 Thread 0x00007f391c028cd0 Exception <a 'java/lang/NoSuchMethodError'{0x00000000eb9d5f80}: 'java.lang.Object java.lang.invoke.DirectMethodHandle$Holder.invokeSpecial(java.lang.Object, java.lang.Object, java.lang.Object, java.lang.Object, int)'> (0x00000000eb9d5f80) 
thrown [open/src/hotspot/share/interpreter/linkResolver.cpp, line 772]
Event: 1.993 Thread 0x00007f391c028cd0 Exception <a 'java/lang/NoSuchMethodError'{0x00000000eb9d9408}: 'java.lang.Object java.lang.invoke.Invokers$Holder.linkToTargetMethod(java.lang.Object, java.lang.Object, int, java.lang.Object)'> (0x00000000eb9d9408) 
thrown [open/src/hotspot/share/interpreter/linkResolver.cpp, line 772]
Event: 2.010 Thread 0x00007f391c028cd0 Exception <a 'java/lang/NoSuchMethodError'{0x00000000eba2b550}: 'java.lang.Object java.lang.invoke.DirectMethodHandle$Holder.newInvokeSpecial(java.lang.Object, java.lang.Object, int)'> (0x00000000eba2b550) 
thrown [open/src/hotspot/share/interpreter/linkResolver.cpp, line 772]
Event: 2.365 Thread 0x00007f391c028cd0 Exception <a 'java/lang/NoSuchMethodError'{0x00000000ebe916c8}: 'java.lang.ClassLoader java.lang.ClassLoader.getPlatformClassLoader(java.lang.Class)'> (0x00000000ebe916c8) 
thrown [open/src/hotspot/share/interpreter/linkResolver.cpp, line 772]
Event: 2.623 Thread 0x00007f391c028cd0 Exception <a 'java/io/FileNotFoundException'{0x00000000ec2ac898}> (0x00000000ec2ac898) 
thrown [open/src/hotspot/share/prims/jni.cpp, line 519]
Event: 2.739 Thread 0x00007f391c028cd0 Implicit null exception at 0x00007f390c90cd46 to 0x00007f390c90cdda
Event: 2.740 Thread 0x00007f391c028cd0 Implicit null exception at 0x00007f390c914500 to 0x00007f390c9146e4
Event: 2.928 Thread 0x00007f391c028cd0 Exception <a 'java/lang/NoSuchMethodError'{0x00000000eacf5660}: 'long java.lang.invoke.DirectMethodHandle$Holder.invokeStatic(java.lang.Object, java.lang.Object, int)'> (0x00000000eacf5660) 
thrown [open/src/hotspot/share/interpreter/linkResolver.cpp, line 772]
Event: 2.929 Thread 0x00007f391c028cd0 Exception <a 'java/lang/NoSuchMethodError'{0x00000000eacfcf68}: 'java.lang.Object java.lang.invoke.DirectMethodHandle$Holder.invokeSpecial(java.lang.Object, java.lang.Object, java.lang.Object, java.lang.Object, long)'> (0x00000000eacfcf68) 
thrown [open/src/hotspot/share/interpreter/linkResolver.cpp, line 772]
Event: 2.936 Thread 0x00007f391c028cd0 Exception <a 'java/lang/NoSuchMethodError'{0x00000000ead0a820}: 'java.lang.Object java.lang.invoke.DirectMethodHandle$Holder.invokeSpecial(java.lang.Object, java.lang.Object, java.lang.Object, int, java.lang.Object)'> (0x00000000ead0a820) 
thrown [open/src/hotspot/share/interpreter/linkResolver.cpp, line 772]
Event: 2.943 Thread 0x00007f391c028cd0 Exception <a 'java/lang/NoSuchMethodError'{0x00000000ead242a8}: 'java.lang.Object java.lang.invoke.Invokers$Holder.invokeExact_MT(java.lang.Object, java.lang.Object, java.lang.Object, java.lang.Object, java.lang.Object, java.lang.Object)'> (0x00000000ead242a8) 
thrown [open/src/hotspot/share/interpreter/linkResolver.cpp, line 772]
Event: 2.947 Thread 0x00007f391c028cd0 Exception <a 'java/lang/NoSuchMethodError'{0x00000000ead33550}: 'int java.lang.invoke.DirectMethodHandle$Holder.invokeStaticInit(java.lang.Object, java.lang.Object, java.lang.Object, java.lang.Object)'> (0x00000000ead33550) 
thrown [open/src/hotspot/share/interpreter/linkResolver.cpp, line 772]
Event: 2.948 Thread 0x00007f391c028cd0 Exception <a 'java/lang/NoSuchMethodError'{0x00000000ead3c760}: 'java.lang.Object java.lang.invoke.DirectMethodHandle$Holder.invokeInterface(java.lang.Object, java.lang.Object)'> (0x00000000ead3c760) 
thrown [open/src/hotspot/share/interpreter/linkResolver.cpp, line 772]
Event: 2.948 Thread 0x00007f391c028cd0 Exception <a 'java/lang/IncompatibleClassChangeError'{0x00000000ead3fc78}: Found class java.lang.Object, but interface was expected> (0x00000000ead3fc78) 
thrown [open/src/hotspot/share/interpreter/linkResolver.cpp, line 840]
Event: 2.949 Thread 0x00007f391c028cd0 Exception <a 'java/lang/NoSuchMethodError'{0x00000000ead442c0}: 'void java.lang.invoke.DirectMethodHandle$Holder.invokeStatic(java.lang.Object, java.lang.Object)'> (0x00000000ead442c0) 
thrown [open/src/hotspot/share/interpreter/linkResolver.cpp, line 772]
Event: 2.950 Thread 0x00007f391c028cd0 Exception <a 'java/lang/NoSuchMethodError'{0x00000000ead47628}: 'void java.lang.invoke.DirectMethodHandle$Holder.invokeStaticInit(java.lang.Object, java.lang.Object)'> (0x00000000ead47628) 
thrown [open/src/hotspot/share/interpreter/linkResolver.cpp, line 772]
Event: 2.952 Thread 0x00007f391c028cd0 Exception <a 'java/lang/NoSuchMethodError'{0x00000000ead4eb80}: 'int java.lang.invoke.DirectMethodHandle$Holder.invokeStaticInit(java.lang.Object, java.lang.Object)'> (0x00000000ead4eb80) 
thrown [open/src/hotspot/share/interpreter/linkResolver.cpp, line 772]
Event: 3.055 Thread 0x00007f391c028cd0 Exception <a 'java/lang/NoSuchMethodError'{0x00000000eae8f6a8}: 'void java.lang.invoke.DirectMethodHandle$Holder.invokeSpecial(java.lang.Object, java.lang.Object, java.lang.Object)'> (0x00000000eae8f6a8) 
thrown [open/src/hotspot/share/interpreter/linkResolver.cpp, line 772]
Event: 3.686 Thread 0x00007f391c028cd0 Exception <a 'java/lang/NoSuchMethodError'{0x00000000eb808380}: 'int java.lang.invoke.DirectMethodHandle$Holder.invokeVirtual(java.lang.Object, java.lang.Object)'> (0x00000000eb808380) 
thrown [open/src/hotspot/share/interpreter/linkResolver.cpp, line 772]

VM Operations (12 events):
Event: 0.382 Executing VM operation: HandshakeAllThreads
Event: 0.382 Executing VM operation: HandshakeAllThreads done
Event: 0.794 Executing VM operation: HandshakeAllThreads
Event: 0.794 Executing VM operation: HandshakeAllThreads done
Event: 1.784 Executing VM operation: HandshakeAllThreads
Event: 1.785 Executing VM operation: HandshakeAllThreads done
Event: 1.785 Executing VM operation: Cleanup
Event: 1.785 Executing VM operation: Cleanup done
Event: 1.880 Executing VM operation: HandshakeAllThreads
Event: 1.880 Executing VM operation: HandshakeAllThreads done
Event: 2.756 Executing VM operation: ParallelGCFailedAllocation
Event: 2.827 Executing VM operation: ParallelGCFailedAllocation done

Events (20 events):
Event: 0.092 Protecting memory [0x00007f39200b8000,0x00007f39200bc000] with protection modes 0
Event: 0.122 Thread 0x00007f391c151d20 Thread added: 0x00007f391c151d20
Event: 0.122 Protecting memory [0x00007f3904d00000,0x00007f3904d04000] with protection modes 0
Event: 0.126 Thread 0x00007f391c153710 Thread added: 0x00007f391c153710
Event: 0.126 Protecting memory [0x00007f3904c00000,0x00007f3904c04000] with protection modes 0
Event: 0.134 Thread 0x00007f391c154c80 Thread added: 0x00007f391c154c80
Event: 0.149 Protecting memory [0x00007f3904b00000,0x00007f3904b04000] with protection modes 0
Event: 0.245 Thread 0x00007f391c17de70 Thread added: 0x00007f391c17de70
Event: 0.246 Protecting memory [0x00007f3904a00000,0x00007f3904a04000] with protection modes 0
Event: 1.224 Thread 0x00007f391c257240 Thread added: 0x00007f391c257240
Event: 1.224 Protecting memory [0x00007f3904900000,0x00007f3904904000] with protection modes 0
Event: 1.453 Thread 0x00007f38940d4e90 Thread added: 0x00007f38940d4e90
Event: 1.455 Protecting memory [0x00007f39046fe000,0x00007f3904702000] with protection modes 0
Event: 2.037 Thread 0x00007f391c2c64e0 Thread added: 0x00007f391c2c64e0
Event: 2.039 Protecting memory [0x00007f3920096000,0x00007f392009a000] with protection modes 0
Event: 2.834 Thread 0x00007f38940d4e90 Thread exited: 0x00007f38940d4e90
Event: 3.232 Thread 0x00007f38943bf180 Thread added: 0x00007f38943bf180
Event: 3.233 Protecting memory [0x00007f39046fe000,0x00007f3904702000] with protection modes 0
Event: 3.784 Thread 0x00007f391c3f8980 Thread added: 0x00007f391c3f8980
Event: 3.785 Protecting memory [0x00007f39042f8000,0x00007f39042fc000] with protection modes 0


Dynamic libraries:
c0000000-c4300000 rw-p 00000000 00:00 0 
c4300000-eab00000 ---p 00000000 00:00 0 
eab00000-ecc00000 rw-p 00000000 00:00 0 
ecc00000-100000000 ---p 00000000 00:00 0 
55c090a50000-55c090a51000 r-xp 00000000 08:07 3019263                    /usr/lib/jvm/jdk-20/bin/java
55c090a52000-55c090a53000 r--p 00001000 08:07 3019263                    /usr/lib/jvm/jdk-20/bin/java
55c090a53000-55c090a54000 rw-p 00002000 08:07 3019263                    /usr/lib/jvm/jdk-20/bin/java
55c091c17000-55c091c5d000 rw-p 00000000 00:00 0                          [heap]
7f3874000000-7f3874021000 rw-p 00000000 00:00 0 
7f3874021000-7f3878000000 ---p 00000000 00:00 0 
7f3878000000-7f3878021000 rw-p 00000000 00:00 0 
7f3878021000-7f387c000000 ---p 00000000 00:00 0 
7f387c000000-7f387c021000 rw-p 00000000 00:00 0 
7f387c021000-7f3880000000 ---p 00000000 00:00 0 
7f3880000000-7f3880021000 rw-p 00000000 00:00 0 
7f3880021000-7f3884000000 ---p 00000000 00:00 0 
7f3884000000-7f3884310000 rw-p 00000000 00:00 0 
7f3884310000-7f3888000000 ---p 00000000 00:00 0 
7f3888000000-7f3888021000 rw-p 00000000 00:00 0 
7f3888021000-7f388c000000 ---p 00000000 00:00 0 
7f388c000000-7f388c021000 rw-p 00000000 00:00 0 
7f388c021000-7f3890000000 ---p 00000000 00:00 0 
7f3890000000-7f3890021000 rw-p 00000000 00:00 0 
7f3890021000-7f3894000000 ---p 00000000 00:00 0 
7f3894000000-7f38943d0000 rw-p 00000000 00:00 0 
7f38943d0000-7f3898000000 ---p 00000000 00:00 0 
7f3898000000-7f3898021000 rw-p 00000000 00:00 0 
7f3898021000-7f389c000000 ---p 00000000 00:00 0 
7f389c000000-7f389c021000 rw-p 00000000 00:00 0 
7f389c021000-7f38a0000000 ---p 00000000 00:00 0 
7f38a0000000-7f38a033b000 rw-p 00000000 00:00 0 
7f38a033b000-7f38a4000000 ---p 00000000 00:00 0 
7f38a4000000-7f38a4021000 rw-p 00000000 00:00 0 
7f38a4021000-7f38a8000000 ---p 00000000 00:00 0 
7f38a8000000-7f38a8021000 rw-p 00000000 00:00 0 
7f38a8021000-7f38ac000000 ---p 00000000 00:00 0 
7f38ac000000-7f38ac021000 rw-p 00000000 00:00 0 
7f38ac021000-7f38b0000000 ---p 00000000 00:00 0 
7f38b0000000-7f38b0021000 rw-p 00000000 00:00 0 
7f38b0021000-7f38b4000000 ---p 00000000 00:00 0 
7f38b4000000-7f38b4021000 rw-p 00000000 00:00 0 
7f38b4021000-7f38b8000000 ---p 00000000 00:00 0 
7f38b8d73000-7f38b93f0000 rw-p 00000000 00:00 0 
7f38b93f0000-7f38b9670000 rw-p 00000000 00:00 0 
7f38b9670000-7f38bd000000 ---p 00000000 00:00 0 
7f38bd000000-7f38bdc7e000 rw-p 00001000 08:07 3019334                    /usr/lib/jvm/jdk-20/lib/server/classes.jsa
7f38bdc7e000-7f38be000000 ---p 00000000 00:00 0 
7f38be000000-7f38be030000 rw-p 00000000 00:00 0 
7f38be030000-7f38be0b0000 rw-p 00000000 00:00 0 
7f38be0b0000-7f38be0c0000 ---p 00000000 00:00 0 
7f38be0c0000-7f38be0d0000 rw-p 00000000 00:00 0 
7f38be0d0000-7f38fe000000 ---p 00000000 00:00 0 
7f38fe000000-7f3900000000 rw-p 00000000 00:00 0 
7f3900000000-7f3900021000 rw-p 00000000 00:00 0 
7f3900021000-7f3904000000 ---p 00000000 00:00 0 
7f3904199000-7f39042f8000 rw-p 00000000 00:00 0 
7f39042f8000-7f39042fc000 ---p 00000000 00:00 0 
7f39042fc000-7f39043f8000 rw-p 00000000 00:00 0 
7f39043f8000-7f39043f9000 ---p 00000000 00:00 0 
7f39043f9000-7f39044fa000 rw-p 00000000 00:00 0 
7f39044fa000-7f39044fb000 ---p 00000000 00:00 0 
7f39044fb000-7f39045fc000 rw-p 00000000 00:00 0 
7f39045fc000-7f39045fd000 ---p 00000000 00:00 0 
7f39045fd000-7f39046fe000 rw-p 00000000 00:00 0 
7f39046fe000-7f3904702000 ---p 00000000 00:00 0 
7f3904702000-7f39047fe000 rw-p 00000000 00:00 0 
7f39047fe000-7f39047ff000 ---p 00000000 00:00 0 
7f39047ff000-7f3904900000 rw-p 00000000 00:00 0 
7f3904900000-7f3904904000 ---p 00000000 00:00 0 
7f3904904000-7f3904a00000 rw-p 00000000 00:00 0 
7f3904a00000-7f3904a04000 ---p 00000000 00:00 0 
7f3904a04000-7f3904b00000 rw-p 00000000 00:00 0 
7f3904b00000-7f3904b04000 ---p 00000000 00:00 0 
7f3904b04000-7f3904c00000 rw-p 00000000 00:00 0 
7f3904c00000-7f3904c04000 ---p 00000000 00:00 0 
7f3904c04000-7f3904d00000 rw-p 00000000 00:00 0 
7f3904d00000-7f3904d04000 ---p 00000000 00:00 0 
7f3904d04000-7f3904e00000 rw-p 00000000 00:00 0 
7f3904e00000-7f3905070000 rwxp 00000000 00:00 0 
7f3905070000-7f390c337000 ---p 00000000 00:00 0 
7f390c337000-7f390c5a7000 rwxp 00000000 00:00 0 
7f390c5a7000-7f390c8c8000 ---p 00000000 00:00 0 
7f390c8c8000-7f390cb38000 rwxp 00000000 00:00 0 
7f390cb38000-7f3913e00000 ---p 00000000 00:00 0 
7f3913e00000-7f391bf35000 r--s 00000000 08:07 3019328                    /usr/lib/jvm/jdk-20/lib/modules
7f391c000000-7f391c493000 rw-p 00000000 00:00 0 
7f391c493000-7f3920000000 ---p 00000000 00:00 0 
7f3920096000-7f392009a000 ---p 00000000 00:00 0 
7f392009a000-7f39200b8000 rw-p 00000000 00:00 0 
7f39200b8000-7f39200bc000 ---p 00000000 00:00 0 
7f39200bc000-7f39201b8000 rw-p 00000000 00:00 0 
7f39201b8000-7f39201bc000 ---p 00000000 00:00 0 
7f39201bc000-7f39202b8000 rw-p 00000000 00:00 0 
7f39202b8000-7f39202bc000 ---p 00000000 00:00 0 
7f39202bc000-7f39203b8000 rw-p 00000000 00:00 0 
7f39203b8000-7f39203bc000 ---p 00000000 00:00 0 
7f39203bc000-7f39204b8000 rw-p 00000000 00:00 0 
7f39204b8000-7f3920730000 r--p 00000000 07:04 186                        /snap/code/142/usr/lib/locale/aa_DJ.utf8/LC_COLLATE
7f3920730000-7f3920731000 ---p 00000000 00:00 0 
7f3920731000-7f3920832000 rw-p 00000000 00:00 0 
7f3920832000-7f3920900000 r-xp 00000000 08:07 3019348                    /usr/lib/jvm/jdk-20/lib/libjsvml.so
7f3920900000-7f3920901000 r--p 000cd000 08:07 3019348                    /usr/lib/jvm/jdk-20/lib/libjsvml.so
7f3920901000-7f3920902000 rw-p 000ce000 08:07 3019348                    /usr/lib/jvm/jdk-20/lib/libjsvml.so
7f3920902000-7f392180c000 rw-p 00000000 00:00 0 
7f392180c000-7f3921940000 ---p 00000000 00:00 0 
7f3921940000-7f3921941000 ---p 00000000 00:00 0 
7f3921941000-7f3921a64000 rw-p 00000000 00:00 0 
7f3921a64000-7f3921b97000 ---p 00000000 00:00 0 
7f3921b97000-7f3921ba8000 rw-p 00000000 00:00 0 
7f3921ba8000-7f3921c43000 ---p 00000000 00:00 0 
7f3921c43000-7f3921c48000 rw-p 00000000 00:00 0 
7f3921c48000-7f3921d2e000 ---p 00000000 00:00 0 
7f3921d2e000-7f3921d33000 rw-p 00000000 00:00 0 
7f3921d33000-7f3921e19000 ---p 00000000 00:00 0 
7f3921e19000-7f3921e1d000 ---p 00000000 00:00 0 
7f3921e1d000-7f3921f19000 rw-p 00000000 00:00 0 
7f3921f19000-7f3921f27000 r--p 00000000 08:07 3018500                    /usr/lib/x86_64-linux-gnu/libm.so.6
7f3921f27000-7f3921fa3000 r-xp 0000e000 08:07 3018500                    /usr/lib/x86_64-linux-gnu/libm.so.6
7f3921fa3000-7f3921ffe000 r--p 0008a000 08:07 3018500                    /usr/lib/x86_64-linux-gnu/libm.so.6
7f3921ffe000-7f3921fff000 r--p 000e4000 08:07 3018500                    /usr/lib/x86_64-linux-gnu/libm.so.6
7f3921fff000-7f3922000000 rw-p 000e5000 08:07 3018500                    /usr/lib/x86_64-linux-gnu/libm.so.6
7f3922000000-7f392321e000 r-xp 00000000 08:07 3019335                    /usr/lib/jvm/jdk-20/lib/server/libjvm.so
7f392321e000-7f39232e8000 r--p 0121d000 08:07 3019335                    /usr/lib/jvm/jdk-20/lib/server/libjvm.so
7f39232e8000-7f392331d000 rw-p 012e7000 08:07 3019335                    /usr/lib/jvm/jdk-20/lib/server/libjvm.so
7f392331d000-7f392337c000 rw-p 00000000 00:00 0 
7f392338b000-7f3923398000 r-xp 00000000 08:07 3019362                    /usr/lib/jvm/jdk-20/lib/libverify.so
7f3923398000-7f392339a000 r--p 0000c000 08:07 3019362                    /usr/lib/jvm/jdk-20/lib/libverify.so
7f392339a000-7f392339b000 rw-p 0000e000 08:07 3019362                    /usr/lib/jvm/jdk-20/lib/libverify.so
7f392339b000-7f39233a7000 r-xp 00000000 08:07 3019376                    /usr/lib/jvm/jdk-20/lib/libnet.so
7f39233a7000-7f39233a8000 r--p 0000b000 08:07 3019376                    /usr/lib/jvm/jdk-20/lib/libnet.so
7f39233a8000-7f39233a9000 rw-p 0000c000 08:07 3019376                    /usr/lib/jvm/jdk-20/lib/libnet.so
7f39233a9000-7f39233bc000 r-xp 00000000 08:07 3019384                    /usr/lib/jvm/jdk-20/lib/libnio.so
7f39233bc000-7f39233bd000 ---p 00013000 08:07 3019384                    /usr/lib/jvm/jdk-20/lib/libnio.so
7f39233bd000-7f39233be000 r--p 00013000 08:07 3019384                    /usr/lib/jvm/jdk-20/lib/libnio.so
7f39233be000-7f39233bf000 rw-p 00014000 08:07 3019384                    /usr/lib/jvm/jdk-20/lib/libnio.so
7f39233bf000-7f3923400000 rw-p 00000000 00:00 0 
7f3923400000-7f3923428000 r--p 00000000 08:07 3018497                    /usr/lib/x86_64-linux-gnu/libc.so.6
7f3923428000-7f39235bd000 r-xp 00028000 08:07 3018497                    /usr/lib/x86_64-linux-gnu/libc.so.6
7f39235bd000-7f3923615000 r--p 001bd000 08:07 3018497                    /usr/lib/x86_64-linux-gnu/libc.so.6
7f3923615000-7f3923619000 r--p 00214000 08:07 3018497                    /usr/lib/x86_64-linux-gnu/libc.so.6
7f3923619000-7f392361b000 rw-p 00218000 08:07 3018497                    /usr/lib/x86_64-linux-gnu/libc.so.6
7f392361b000-7f3923628000 rw-p 00000000 00:00 0 
7f392362e000-7f3923635000 r--s 00000000 08:07 3677994                    /usr/lib/x86_64-linux-gnu/gconv/gconv-modules.cache
7f3923635000-7f392363c000 r-xp 00000000 08:07 3019361                    /usr/lib/jvm/jdk-20/lib/libzip.so
7f392363c000-7f392363d000 ---p 00007000 08:07 3019361                    /usr/lib/jvm/jdk-20/lib/libzip.so
7f392363d000-7f392363e000 r--p 00007000 08:07 3019361                    /usr/lib/jvm/jdk-20/lib/libzip.so
7f392363e000-7f392363f000 rw-p 00008000 08:07 3019361                    /usr/lib/jvm/jdk-20/lib/libzip.so
7f392363f000-7f3923693000 r--p 00000000 07:04 187                        /snap/code/142/usr/lib/locale/aa_DJ.utf8/LC_CTYPE
7f3923693000-7f3923694000 r--p 00000000 07:04 866                        /snap/code/142/usr/lib/locale/as_IN/LC_NUMERIC
7f3923694000-7f3923695000 r--p 00000000 07:04 2227                       /snap/code/142/usr/lib/locale/en_IN/LC_TIME
7f3923695000-7f3923696000 r--p 00000000 07:04 346                        /snap/code/142/usr/lib/locale/anp_IN/LC_MONETARY
7f3923696000-7f3923697000 r--p 00000000 07:04 1955                       /snap/code/142/usr/lib/locale/en_AG/LC_MESSAGES/SYS_LC_MESSAGES
7f3923697000-7f3923698000 r--p 00000000 07:04 195                        /snap/code/142/usr/lib/locale/aa_DJ.utf8/LC_PAPER
7f3923698000-7f3923699000 r--p 00000000 07:04 2153                       /snap/code/142/usr/lib/locale/en_HK.utf8/LC_NAME
7f3923699000-7f392369a000 r--p 00000000 07:04 2215                       /snap/code/142/usr/lib/locale/en_IN/LC_ADDRESS
7f392369a000-7f39236b3000 rw-p 00000000 00:00 0 
7f39236b3000-7f39236ba000 ---p 00000000 00:00 0 
7f39236ba000-7f39236c2000 rw-s 00000000 08:07 3940558                    /tmp/hsperfdata_cdot/12549
7f39236c2000-7f39236e8000 r-xp 00000000 08:07 3019355                    /usr/lib/jvm/jdk-20/lib/libjava.so
7f39236e8000-7f39236e9000 ---p 00026000 08:07 3019355                    /usr/lib/jvm/jdk-20/lib/libjava.so
7f39236e9000-7f39236ea000 r--p 00026000 08:07 3019355                    /usr/lib/jvm/jdk-20/lib/libjava.so
7f39236ea000-7f39236eb000 rw-p 00027000 08:07 3019355                    /usr/lib/jvm/jdk-20/lib/libjava.so
7f39236eb000-7f39236ec000 rw-p 00000000 00:00 0 
7f39236ec000-7f3923707000 r-xp 00000000 08:07 3019369                    /usr/lib/jvm/jdk-20/lib/libjimage.so
7f3923707000-7f3923708000 ---p 0001b000 08:07 3019369                    /usr/lib/jvm/jdk-20/lib/libjimage.so
7f3923708000-7f392370a000 r--p 0001b000 08:07 3019369                    /usr/lib/jvm/jdk-20/lib/libjimage.so
7f392370a000-7f392370b000 rw-p 0001d000 08:07 3019369                    /usr/lib/jvm/jdk-20/lib/libjimage.so
7f392370b000-7f392370c000 r--p 00000000 08:07 3018511                    /usr/lib/x86_64-linux-gnu/librt.so.1
7f392370c000-7f392370d000 r-xp 00001000 08:07 3018511                    /usr/lib/x86_64-linux-gnu/librt.so.1
7f392370d000-7f392370e000 r--p 00002000 08:07 3018511                    /usr/lib/x86_64-linux-gnu/librt.so.1
7f392370e000-7f392370f000 r--p 00002000 08:07 3018511                    /usr/lib/x86_64-linux-gnu/librt.so.1
7f392370f000-7f3923710000 rw-p 00003000 08:07 3018511                    /usr/lib/x86_64-linux-gnu/librt.so.1
7f3923710000-7f3923714000 rw-p 00000000 00:00 0 
7f3923714000-7f3923715000 r--p 00000000 08:07 3018499                    /usr/lib/x86_64-linux-gnu/libdl.so.2
7f3923715000-7f3923716000 r-xp 00001000 08:07 3018499                    /usr/lib/x86_64-linux-gnu/libdl.so.2
7f3923716000-7f3923717000 r--p 00002000 08:07 3018499                    /usr/lib/x86_64-linux-gnu/libdl.so.2
7f3923717000-7f3923718000 r--p 00002000 08:07 3018499                    /usr/lib/x86_64-linux-gnu/libdl.so.2
7f3923718000-7f3923719000 rw-p 00003000 08:07 3018499                    /usr/lib/x86_64-linux-gnu/libdl.so.2
7f3923719000-7f392371a000 r--p 00000000 08:07 3018509                    /usr/lib/x86_64-linux-gnu/libpthread.so.0
7f392371a000-7f392371b000 r-xp 00001000 08:07 3018509                    /usr/lib/x86_64-linux-gnu/libpthread.so.0
7f392371b000-7f392371c000 r--p 00002000 08:07 3018509                    /usr/lib/x86_64-linux-gnu/libpthread.so.0
7f392371c000-7f392371d000 r--p 00002000 08:07 3018509                    /usr/lib/x86_64-linux-gnu/libpthread.so.0
7f392371d000-7f392371e000 rw-p 00003000 08:07 3018509                    /usr/lib/x86_64-linux-gnu/libpthread.so.0
7f392371e000-7f392372c000 r-xp 00000000 08:07 3019340                    /usr/lib/jvm/jdk-20/lib/libjli.so
7f392372c000-7f392372d000 ---p 0000e000 08:07 3019340                    /usr/lib/jvm/jdk-20/lib/libjli.so
7f392372d000-7f392372e000 r--p 0000e000 08:07 3019340                    /usr/lib/jvm/jdk-20/lib/libjli.so
7f392372e000-7f392372f000 rw-p 0000f000 08:07 3019340                    /usr/lib/jvm/jdk-20/lib/libjli.so
7f392372f000-7f3923731000 r--p 00000000 08:07 3015053                    /usr/lib/x86_64-linux-gnu/libz.so.1.2.11
7f3923731000-7f3923742000 r-xp 00002000 08:07 3015053                    /usr/lib/x86_64-linux-gnu/libz.so.1.2.11
7f3923742000-7f3923748000 r--p 00013000 08:07 3015053                    /usr/lib/x86_64-linux-gnu/libz.so.1.2.11
7f3923748000-7f3923749000 ---p 00019000 08:07 3015053                    /usr/lib/x86_64-linux-gnu/libz.so.1.2.11
7f3923749000-7f392374a000 r--p 00019000 08:07 3015053                    /usr/lib/x86_64-linux-gnu/libz.so.1.2.11
7f392374a000-7f392374b000 rw-p 0001a000 08:07 3015053                    /usr/lib/x86_64-linux-gnu/libz.so.1.2.11
7f392374b000-7f392374c000 r--p 00000000 07:04 350                        /snap/code/142/usr/lib/locale/anp_IN/LC_TELEPHONE
7f392374c000-7f392374d000 r--p 00000000 07:04 189                        /snap/code/142/usr/lib/locale/aa_DJ.utf8/LC_MEASUREMENT
7f392374d000-7f392374e000 r--p 00000000 07:04 2218                       /snap/code/142/usr/lib/locale/en_IN/LC_IDENTIFICATION
7f392374e000-7f3923758000 r-xp 00000000 08:07 3019356                    /usr/lib/jvm/jdk-20/lib/libinstrument.so
7f3923758000-7f3923759000 r--p 00009000 08:07 3019356                    /usr/lib/jvm/jdk-20/lib/libinstrument.so
7f3923759000-7f392375a000 rw-p 0000a000 08:07 3019356                    /usr/lib/jvm/jdk-20/lib/libinstrument.so
7f392375a000-7f392375b000 ---p 00000000 00:00 0 
7f392375b000-7f392375c000 r--p 00000000 00:00 0 
7f392375c000-7f392375e000 rw-p 00000000 00:00 0 
7f392375e000-7f3923762000 r--p 00000000 00:00 0                          [vvar]
7f3923762000-7f3923764000 r-xp 00000000 00:00 0                          [vdso]
7f3923764000-7f3923766000 r--p 00000000 08:07 3018494                    /usr/lib/x86_64-linux-gnu/ld-linux-x86-64.so.2
7f3923766000-7f3923790000 r-xp 00002000 08:07 3018494                    /usr/lib/x86_64-linux-gnu/ld-linux-x86-64.so.2
7f3923790000-7f392379b000 r--p 0002c000 08:07 3018494                    /usr/lib/x86_64-linux-gnu/ld-linux-x86-64.so.2
7f392379b000-7f392379c000 ---p 00000000 00:00 0 
7f392379c000-7f392379e000 r--p 00037000 08:07 3018494                    /usr/lib/x86_64-linux-gnu/ld-linux-x86-64.so.2
7f392379e000-7f39237a0000 rw-p 00039000 08:07 3018494                    /usr/lib/x86_64-linux-gnu/ld-linux-x86-64.so.2
7ffeae7d8000-7ffeae7fa000 rw-p 00000000 00:00 0                          [stack]
ffffffffff600000-ffffffffff601000 --xp 00000000 00:00 0                  [vsyscall]


VM Arguments:
jvm_args: --add-modules=ALL-SYSTEM --add-opens=java.base/java.util=ALL-UNNAMED --add-opens=java.base/java.lang=ALL-UNNAMED --add-opens=java.base/sun.nio.fs=ALL-UNNAMED -Declipse.application=org.eclipse.jdt.ls.core.id1 -Dosgi.bundles.defaultStartLevel=4 -Declipse.product=org.eclipse.jdt.ls.core.product -Djava.import.generatesMetadataFilesAtProjectRoot=false -DDetectVMInstallationsJob.disabled=true -Dfile.encoding=utf8 -XX:+UseParallelGC -XX:GCTimeRatio=4 -XX:AdaptiveSizePolicyWeight=90 -Dsun.zip.disableMemoryMapping=true -Xmx1G -Xms100m -Xlog:disable -javaagent:/home/cdot/.vscode/extensions/redhat.java-1.23.0-linux-x64/lombok/lombok-1.18.30.jar -XX:+HeapDumpOnOutOfMemoryError -XX:HeapDumpPath=/home/cdot/.config/Code/User/workspaceStorage/5c2299d18d334787403effcc081706cf/redhat.java -Daether.dependencyCollector.impl=bf 
java_command: /home/cdot/.vscode/extensions/redhat.java-1.23.0-linux-x64/server/plugins/org.eclipse.equinox.launcher_1.6.500.v20230717-2134.jar -configuration /home/cdot/.config/Code/User/globalStorage/redhat.java/1.23.0/config_linux -data /home/cdot/.config/Code/User/workspaceStorage/5c2299d18d334787403effcc081706cf/redhat.java/jdt_ws
java_class_path (initial): /home/cdot/.vscode/extensions/redhat.java-1.23.0-linux-x64/server/plugins/org.eclipse.equinox.launcher_1.6.500.v20230717-2134.jar
Launcher Type: SUN_STANDARD

[Global flags]
    uintx AdaptiveSizePolicyWeight                 = 90                                        {product} {command line}
     intx CICompilerCount                          = 3                                         {product} {ergonomic}
    uintx GCTimeRatio                              = 4                                         {product} {command line}
     bool HeapDumpOnOutOfMemoryError               = true                                   {manageable} {command line}
    ccstr HeapDumpPath                             = /home/cdot/.config/Code/User/workspaceStorage/5c2299d18d334787403effcc081706cf/redhat.java         {manageable} {command line}
   size_t InitialHeapSize                          = 104857600                                 {product} {command line}
   size_t MaxHeapSize                              = 1073741824                                {product} {command line}
   size_t MaxNewSize                               = 357564416                                 {product} {ergonomic}
   size_t MinHeapDeltaBytes                        = 524288                                    {product} {ergonomic}
   size_t MinHeapSize                              = 104857600                                 {product} {command line}
   size_t NewSize                                  = 34603008                                  {product} {ergonomic}
    uintx NonNMethodCodeHeapSize                   = 5832780                                {pd product} {ergonomic}
    uintx NonProfiledCodeHeapSize                  = 122912730                              {pd product} {ergonomic}
   size_t OldSize                                  = 70254592                                  {product} {ergonomic}
    uintx ProfiledCodeHeapSize                     = 122912730                              {pd product} {ergonomic}
    uintx ReservedCodeCacheSize                    = 251658240                              {pd product} {ergonomic}
     bool SegmentedCodeCache                       = true                                      {product} {ergonomic}
   size_t SoftMaxHeapSize                          = 1073741824                             {manageable} {ergonomic}
     bool UseCompressedClassPointers               = true                           {product lp64_product} {ergonomic}
     bool UseCompressedOops                        = true                           {product lp64_product} {ergonomic}
     bool UseParallelGC                            = true                                      {product} {command line}

Logging:
Log output configuration:
 #0: stdout all=off uptime,level,tags foldmultilines=false
 #1: stderr all=off uptime,level,tags foldmultilines=false

Environment Variables:
JAVA_HOME=/usr/lib/jvm/jdk-20/
PATH=/usr/local/sbin:/usr/local/bin:/usr/sbin:/usr/bin:/sbin:/bin:/usr/games:/usr/local/games:/snap/bin:/snap/bin
USERNAME=cdot
SHELL=/bin/bash
DISPLAY=:0
LANG=en_IN

Active Locale:
LC_ALL=en_IN
LC_COLLATE=en_IN
LC_CTYPE=en_IN
LC_MESSAGES=en_IN
LC_MONETARY=en_IN
LC_NUMERIC=en_IN
LC_TIME=en_IN

Signal Handlers:
   SIGSEGV: crash_handler in libjvm.so, mask=11100100010111111101111111111110, flags=SA_RESTART|SA_SIGINFO, unblocked
    SIGBUS: crash_handler in libjvm.so, mask=11100100010111111101111111111110, flags=SA_RESTART|SA_SIGINFO, unblocked
    SIGFPE: crash_handler in libjvm.so, mask=11100100010111111101111111111110, flags=SA_RESTART|SA_SIGINFO, unblocked
   SIGPIPE: javaSignalHandler in libjvm.so, mask=11100100010111111101111111111110, flags=SA_RESTART|SA_SIGINFO, blocked
   SIGXFSZ: javaSignalHandler in libjvm.so, mask=11100100010111111101111111111110, flags=SA_RESTART|SA_SIGINFO, blocked
    SIGILL: crash_handler in libjvm.so, mask=11100100010111111101111111111110, flags=SA_RESTART|SA_SIGINFO, unblocked
   SIGUSR2: SR_handler in libjvm.so, mask=00000000000000000000000000000000, flags=SA_RESTART|SA_SIGINFO, blocked
    SIGHUP: UserHandler in libjvm.so, mask=11100100010111111101111111111110, flags=SA_RESTART|SA_SIGINFO, blocked
    SIGINT: UserHandler in libjvm.so, mask=11100100010111111101111111111110, flags=SA_RESTART|SA_SIGINFO, blocked
   SIGTERM: UserHandler in libjvm.so, mask=11100100010111111101111111111110, flags=SA_RESTART|SA_SIGINFO, blocked
   SIGQUIT: UserHandler in libjvm.so, mask=11100100010111111101111111111110, flags=SA_RESTART|SA_SIGINFO, blocked
   SIGTRAP: crash_handler in libjvm.so, mask=11100100010111111101111111111110, flags=SA_RESTART|SA_SIGINFO, unblocked


---------------  S Y S T E M  ---------------

OS:
DISTRIB_ID=Ubuntu
DISTRIB_RELEASE=22.04
DISTRIB_CODENAME=jammy
DISTRIB_DESCRIPTION="Ubuntu 22.04.3 LTS"
uname: Linux 6.2.0-33-generic #33~22.04.1-Ubuntu SMP PREEMPT_DYNAMIC Thu Sep  7 10:33:52 UTC 2 x86_64
OS uptime: 0 days 1:09 hours
libc: glibc 2.35 NPTL 2.35 
rlimit (soft/hard): STACK 8192k/infinity , CORE 0k/infinity , NPROC 63225/63225 , NOFILE 1048576/1048576 , AS infinity/infinity , CPU infinity/infinity , DATA infinity/infinity , FSIZE infinity/infinity , MEMLOCK 2032764k/2032764k
load average: 1.70 0.89 0.83

/proc/meminfo:
MemTotal:       16262132 kB
MemFree:         7203512 kB
MemAvailable:   12254944 kB
Buffers:          352716 kB
Cached:          5150664 kB
SwapCached:            0 kB
Active:          2522036 kB
Inactive:        5296844 kB
Active(anon):      11380 kB
Inactive(anon):  2901744 kB
Active(file):    2510656 kB
Inactive(file):  2395100 kB
Unevictable:      374984 kB
Mlocked:              32 kB
SwapTotal:       9765884 kB
SwapFree:        9765884 kB
Zswap:                 0 kB
Zswapped:              0 kB
Dirty:              5984 kB
Writeback:             0 kB
AnonPages:       2690976 kB
Mapped:          1014392 kB
Shmem:            597428 kB
KReclaimable:     482264 kB
Slab:             684544 kB
SReclaimable:     482264 kB
SUnreclaim:       202280 kB
KernelStack:       18224 kB
PageTables:        46436 kB
SecPageTables:         0 kB
NFS_Unstable:          0 kB
Bounce:                0 kB
WritebackTmp:          0 kB
CommitLimit:    17896948 kB
Committed_AS:   13077808 kB
VmallocTotal:   34359738367 kB
VmallocUsed:       57068 kB
VmallocChunk:          0 kB
Percpu:             3696 kB
HardwareCorrupted:     0 kB
AnonHugePages:         0 kB
ShmemHugePages:        0 kB
ShmemPmdMapped:        0 kB
FileHugePages:         0 kB
FilePmdMapped:         0 kB
HugePages_Total:       0
HugePages_Free:        0
HugePages_Rsvd:        0
HugePages_Surp:        0
Hugepagesize:       2048 kB
Hugetlb:               0 kB
DirectMap4k:      237376 kB
DirectMap2M:     4898816 kB
DirectMap1G:    11534336 kB

/sys/kernel/mm/transparent_hugepage/enabled: always [madvise] never
/sys/kernel/mm/transparent_hugepage/defrag (defrag/compaction efforts parameter): always defer defer+madvise [madvise] never

Process Memory:
Virtual Size: 3907108K (peak: 3907108K)
Resident Set Size: 93128K (peak: 93128K) (anon: 71548K, file: 21580K, shmem: 0K)
Swapped out: 0K
C-Heap outstanding allocations: 28970K, retained: 5177K
glibc malloc tunables: (default)

/proc/sys/kernel/threads-max (system-wide limit on the number of threads): 126451
/proc/sys/vm/max_map_count (maximum number of memory map areas a process may have): 65530
/proc/sys/kernel/pid_max (system-wide limit on number of process identifiers): 4194304

container (cgroup) information:
container_type: cgroupv2
cpu_cpuset_cpus: not supported
cpu_memory_nodes: not supported
active_processor_count: 4
cpu_quota: not supported
cpu_period: not supported
cpu_shares: not supported
memory_limit_in_bytes: unlimited
memory_and_swap_limit_in_bytes: unlimited
memory_soft_limit_in_bytes: unlimited
memory_usage_in_bytes: 1197844 k
memory_max_usage_in_bytes: not supported
memory_swap_current_in_bytes: unlimited
memory_swap_max_limit_in_bytes: unlimited
maximum number of tasks: 18967
current number of tasks: 197

Steal ticks since vm start: 0
Steal ticks percentage since vm start:  0.000

CPU: total 4 (initial active 4) (2 cores per cpu, 2 threads per core) family 6 model 78 stepping 3 microcode 0xf0, cx8, cmov, fxsr, ht, mmx, 3dnowpref, sse, sse2, sse3, ssse3, sse4.1, sse4.2, popcnt, lzcnt, tsc, tscinvbit, avx, avx2, aes, erms, clmul, bmi1, bmi2, adx, fma, vzeroupper, clflush, clflushopt, rdtscp, f16c
CPU Model and flags from /proc/cpuinfo:
model name	: Intel(R) Core(TM) i5-6300U CPU @ 2.40GHz
flags		: fpu vme de pse tsc msr pae mce cx8 apic sep mtrr pge mca cmov pat pse36 clflush dts acpi mmx fxsr sse sse2 ss ht tm pbe syscall nx pdpe1gb rdtscp lm constant_tsc art arch_perfmon pebs bts rep_good nopl xtopology nonstop_tsc cpuid aperfmperf pni pclmulqdq dtes64 monitor ds_cpl vmx smx est tm2 ssse3 sdbg fma cx16 xtpr pdcm pcid sse4_1 sse4_2 x2apic movbe popcnt tsc_deadline_timer aes xsave avx f16c rdrand lahf_lm abm 3dnowprefetch cpuid_fault epb invpcid_single pti ssbd ibrs ibpb stibp tpr_shadow vnmi flexpriority ept vpid ept_ad fsgsbase tsc_adjust bmi1 avx2 smep bmi2 erms invpcid mpx rdseed adx smap clflushopt intel_pt xsaveopt xsavec xgetbv1 xsaves dtherm ida arat pln pts hwp hwp_notify hwp_act_window hwp_epp md_clear flush_l1d arch_capabilities

Online cpus: 0-3
Offline cpus: 
BIOS frequency limitation: <Not Available>
Frequency switch latency (ns): 0
Available cpu frequencies: <Not Available>
Current governor: powersave
Core performance/turbo boost: <Not Available>

Memory: 4k page, physical 16262132k(7203512k free), swap 9765884k(9765884k free)
Page Sizes: 4k

vm_info: Java HotSpot(TM) 64-Bit Server VM (20.0.2+9-78) for linux-amd64 JRE (20.0.2+9-78), built on 2023-06-14T10:08:48Z by "mach5one" with gcc 11.2.0

END.
